<?xml version="1.0" encoding="UTF-8"?>
<!-- Generated by org.testng.reporters.JUnitXMLReporter -->
<testsuite ignored="0" hostname="LAPTOP-AG811B6D" failures="2" tests="3" name="Login Chrome Test Suite" time="49.104" errors="0" timestamp="2025-05-23T18:08:54 IST">
  <testcase classname="testClasses.TC_001_Login" name="login" time="1.411"/>
  <testcase classname="testClasses.TC_login_WrongUserName" name="login" time="10.366">
    <failure type="java.lang.AssertionError" message="Login succeeded or unexpected behavior: ">
      <![CDATA[java.lang.AssertionError: Login succeeded or unexpected behavior: 
at testClasses.TC_login_WrongUserName.login(TC_login_WrongUserName.java:40)
at java.base/java.util.ArrayList.forEach(ArrayList.java:1596)
... Removed 30 stack frames]]>
    </failure>
  </testcase> <!-- login -->
  <testcase classname="testClasses.TC_login_WrongPassword" name="login" time="10.33">
    <failure type="java.lang.AssertionError" message="Login succeeded or unexpected behavior: Your password is invalid!">
      <![CDATA[java.lang.AssertionError: Login succeeded or unexpected behavior: Your password is invalid!
at testClasses.TC_login_WrongPassword.login(TC_login_WrongPassword.java:43)
at java.base/java.util.ArrayList.forEach(ArrayList.java:1596)
... Removed 30 stack frames]]>
    </failure>
  </testcase> <!-- login -->
</testsuite> <!-- Login Chrome Test Suite -->
